[debug] [2026-04-15T08:09:00.469Z] ----------------------------------------------------------------------
[debug] [2026-04-15T08:09:00.470Z] Command:       /Users/aryan/.nvm/versions/node/v22.22.0/bin/node /Users/aryan/.nvm/versions/node/v22.22.0/bin/firebase deploy --only hosting
[debug] [2026-04-15T08:09:00.471Z] CLI Version:   15.4.0
[debug] [2026-04-15T08:09:00.471Z] Platform:      darwin
[debug] [2026-04-15T08:09:00.471Z] Node Version:  v22.22.0
[debug] [2026-04-15T08:09:00.471Z] Time:          Wed Apr 15 2026 13:39:00 GMT+0530 (India Standard Time)
[debug] [2026-04-15T08:09:00.471Z] ----------------------------------------------------------------------
[debug] 
[debug] [2026-04-15T08:09:00.847Z] > command requires scopes: ["email","openid","https://www.googleapis.com/auth/cloudplatformprojects.readonly","https://www.googleapis.com/auth/firebase","https://www.googleapis.com/auth/cloud-platform"]
[debug] [2026-04-15T08:09:00.848Z] > authorizing via signed-in user (apspartap25@gmail.com)
[debug] [2026-04-15T08:09:00.848Z] [iam] checking project pingmereg for permissions ["firebase.projects.get","firebasehosting.sites.update"]
[debug] [2026-04-15T08:09:00.848Z] Checked if tokens are valid: true, expires at: 1776244121133
[debug] [2026-04-15T08:09:00.848Z] Checked if tokens are valid: true, expires at: 1776244121133
[debug] [2026-04-15T08:09:00.848Z] >>> [apiv2][query] POST https://cloudresourcemanager.googleapis.com/v1/projects/pingmereg:testIamPermissions [none]
[debug] [2026-04-15T08:09:00.848Z] >>> [apiv2][(partial)header] POST https://cloudresourcemanager.googleapis.com/v1/projects/pingmereg:testIamPermissions x-goog-quota-user=projects/pingmereg
[debug] [2026-04-15T08:09:00.848Z] >>> [apiv2][body] POST https://cloudresourcemanager.googleapis.com/v1/projects/pingmereg:testIamPermissions {"permissions":["firebase.projects.get","firebasehosting.sites.update"]}
[debug] [2026-04-15T08:09:02.424Z] <<< [apiv2][status] POST https://cloudresourcemanager.googleapis.com/v1/projects/pingmereg:testIamPermissions 200
[debug] [2026-04-15T08:09:02.424Z] <<< [apiv2][body] POST https://cloudresourcemanager.googleapis.com/v1/projects/pingmereg:testIamPermissions {}
[debug] [2026-04-15T08:09:02.424Z] [iam] error while checking permissions, command may fail: Authorization failed. This account is missing the following required permissions on project pingmereg:

  firebase.projects.get
  firebasehosting.sites.update
[debug] [2026-04-15T08:09:02.425Z] Checked if tokens are valid: true, expires at: 1776244121133
[debug] [2026-04-15T08:09:02.425Z] Checked if tokens are valid: true, expires at: 1776244121133
[debug] [2026-04-15T08:09:02.425Z] >>> [apiv2][query] GET https://firebase.googleapis.com/v1beta1/projects/pingmereg [none]
[debug] [2026-04-15T08:09:02.935Z] <<< [apiv2][status] GET https://firebase.googleapis.com/v1beta1/projects/pingmereg 403
[debug] [2026-04-15T08:09:02.936Z] <<< [apiv2][body] GET https://firebase.googleapis.com/v1beta1/projects/pingmereg {"error":{"code":403,"message":"The caller does not have permission","status":"PERMISSION_DENIED"}}
[debug] [2026-04-15T08:09:02.936Z] Request to https://firebase.googleapis.com/v1beta1/projects/pingmereg had HTTP Error: 403, The caller does not have permission
[debug] [2026-04-15T08:09:03.167Z] FirebaseError: Request to https://firebase.googleapis.com/v1beta1/projects/pingmereg had HTTP Error: 403, The caller does not have permission
    at responseToError (/Users/aryan/.nvm/versions/node/v22.22.0/lib/node_modules/firebase-tools/lib/responseToError.js:53:12)
    at RetryOperation._fn (/Users/aryan/.nvm/versions/node/v22.22.0/lib/node_modules/firebase-tools/lib/apiv2.js:325:77)
    at process.processTicksAndRejections (node:internal/process/task_queues:105:5)
[error] 
[error] Error: Failed to get Firebase project pingmereg. Please make sure the project exists and your account has permission to access it.
